<?xml version="1.0" encoding="UTF-8"?>
<testng-results ignored="0" total="1" passed="1" failed="0" skipped="0">
  <reporter-output>
  </reporter-output>
  <suite started-at="2024-02-16T10:51:45 IST" name="Default suite" finished-at="2024-02-16T10:51:53 IST" duration-ms="8324">
    <groups>
    </groups>
    <test started-at="2024-02-16T10:51:45 IST" name="Default test" finished-at="2024-02-16T10:51:53 IST" duration-ms="8324">
      <class name="day1.LaunchBrowser">
        <test-method is-config="true" signature="SetUp()[pri:0, instance:day1.LaunchBrowser@130c12b7]" started-at="2024-02-16T10:51:45 IST" name="SetUp" finished-at="2024-02-16T10:51:49 IST" duration-ms="3920" status="PASS">
          <reporter-output>
          </reporter-output>
        </test-method> <!-- SetUp -->
        <test-method signature="Login()[pri:0, instance:day1.LaunchBrowser@130c12b7]" started-at="2024-02-16T10:51:49 IST" name="Login" finished-at="2024-02-16T10:51:50 IST" duration-ms="1068" status="PASS">
          <reporter-output>
          </reporter-output>
        </test-method> <!-- Login -->
        <test-method is-config="true" signature="teardown()[pri:0, instance:day1.LaunchBrowser@130c12b7]" started-at="2024-02-16T10:51:50 IST" name="teardown" finished-at="2024-02-16T10:51:53 IST" duration-ms="3234" status="PASS">
          <reporter-output>
          </reporter-output>
        </test-method> <!-- teardown -->
      </class> <!-- day1.LaunchBrowser -->
    </test> <!-- Default test -->
  </suite> <!-- Default suite -->
</testng-results>
