<?xml version="1.0" encoding="UTF-8"?>
<testng-results ignored="0" total="4" passed="4" failed="0" skipped="0">
  <reporter-output>
  </reporter-output>
  <suite started-at="2023-12-12T13:32:01 IST" name="Default suite" finished-at="2023-12-12T13:32:05 IST" duration-ms="3952">
    <groups>
    </groups>
    <test started-at="2023-12-12T13:32:01 IST" name="Default test" finished-at="2023-12-12T13:32:05 IST" duration-ms="3952">
      <class name="ecomE2E.EcomE2E">
        <test-method signature="Login()[pri:1, instance:ecomE2E.EcomE2E@25fb8912]" started-at="2023-12-12T13:32:01 IST" name="Login" finished-at="2023-12-12T13:32:03 IST" duration-ms="2382" status="PASS">
          <reporter-output>
          </reporter-output>
        </test-method> <!-- Login -->
        <test-method signature="CreateProduct()[pri:2, instance:ecomE2E.EcomE2E@25fb8912]" started-at="2023-12-12T13:32:03 IST" name="CreateProduct" finished-at="2023-12-12T13:32:04 IST" duration-ms="905" status="PASS">
          <reporter-output>
          </reporter-output>
        </test-method> <!-- CreateProduct -->
        <test-method signature="createOrder()[pri:3, instance:ecomE2E.EcomE2E@25fb8912]" started-at="2023-12-12T13:32:04 IST" name="createOrder" finished-at="2023-12-12T13:32:05 IST" duration-ms="413" status="PASS">
          <reporter-output>
          </reporter-output>
        </test-method> <!-- createOrder -->
        <test-method signature="DeleteProduct()[pri:4, instance:ecomE2E.EcomE2E@25fb8912]" started-at="2023-12-12T13:32:05 IST" name="DeleteProduct" finished-at="2023-12-12T13:32:05 IST" duration-ms="182" status="PASS">
          <reporter-output>
          </reporter-output>
        </test-method> <!-- DeleteProduct -->
      </class> <!-- ecomE2E.EcomE2E -->
    </test> <!-- Default test -->
  </suite> <!-- Default suite -->
</testng-results>
