<?xml version="1.0" encoding="UTF-8"?>
<testng-results ignored="0" total="1" passed="1" failed="0" skipped="0">
  <reporter-output>
  </reporter-output>
  <suite started-at="2023-12-07T22:39:11 IST" name="Default suite" finished-at="2023-12-07T22:39:14 IST" duration-ms="2599">
    <groups>
    </groups>
    <test started-at="2023-12-07T22:39:11 IST" name="Default test" finished-at="2023-12-07T22:39:14 IST" duration-ms="2599">
      <class name="pojoClassesRestAssured.SpecBuilderTest">
        <test-method signature="AddPlace()[pri:0, instance:pojoClassesRestAssured.SpecBuilderTest@f5acb9d]" started-at="2023-12-07T22:39:11 IST" name="AddPlace" finished-at="2023-12-07T22:39:14 IST" duration-ms="2527" status="PASS">
          <reporter-output>
          </reporter-output>
        </test-method> <!-- AddPlace -->
      </class> <!-- pojoClassesRestAssured.SpecBuilderTest -->
    </test> <!-- Default test -->
  </suite> <!-- Default suite -->
</testng-results>
