<?xml version="1.0" encoding="UTF-8"?>
<!-- Generated by org.testng.reporters.JUnitReportReporter -->
<testsuite hostname="Bhargav" failures="0" tests="1" name="cucumberTestRunner.TestRunner" time="0.096" errors="1" timestamp="2023-12-17T23:38:32 IST" skipped="0">
  <testcase classname="cucumberTestRunner.TestRunner" name="runScenario" time="0.096">
    <error message="TODO: implement me" type="io.cucumber.java.PendingException">
      <![CDATA[io.cucumber.java.PendingException: TODO: implement me
at stepDefinitions.Login.user_is_on_login_page(Login.java:11)
at ✽.user is on login page(file:///C:/Users/bharg/ForInterviews/RestAssuredPractise/src/test/java/features/login.feature:4)
]]>
    </error>
  </testcase> <!-- runScenario -->
</testsuite> <!-- cucumberTestRunner.TestRunner -->
