<?xml version="1.0" encoding="UTF-8"?>
<testng-results ignored="0" total="1" passed="1" failed="0" skipped="0">
  <reporter-output>
  </reporter-output>
  <suite started-at="2024-02-19T10:44:01 IST" name="Failed suite [Suite]" finished-at="2024-02-19T10:44:16 IST" duration-ms="15114">
    <groups>
      <group name="Sanity">
        <method signature="LoginTest.Login()[pri:0, instance:testCases.LoginTest@644baf4a]" name="Login" class="testCases.LoginTest"/>
      </group> <!-- Sanity -->
    </groups>
    <test started-at="2024-02-19T10:44:01 IST" name="Test(failed)" finished-at="2024-02-19T10:44:16 IST" duration-ms="15114">
      <class name="testCases.LoginTest">
        <test-method is-config="true" signature="setUp(java.lang.String)[pri:0, instance:testCases.LoginTest@644baf4a]" started-at="2024-02-19T10:44:02 IST" name="setUp" finished-at="2024-02-19T10:44:07 IST" duration-ms="5004" status="PASS">
          <params>
            <param index="0">
              <value>
                <![CDATA[chrome]]>
              </value>
            </param>
          </params>
          <reporter-output>
          </reporter-output>
        </test-method> <!-- setUp -->
        <test-method signature="Login()[pri:0, instance:testCases.LoginTest@644baf4a]" started-at="2024-02-19T10:44:07 IST" name="Login" finished-at="2024-02-19T10:44:16 IST" duration-ms="9328" status="PASS">
          <reporter-output>
          </reporter-output>
        </test-method> <!-- Login -->
        <test-method is-config="true" signature="tearDown()[pri:0, instance:testCases.LoginTest@644baf4a]" started-at="2024-02-19T10:44:16 IST" name="tearDown" finished-at="2024-02-19T10:44:16 IST" duration-ms="297" status="PASS">
          <reporter-output>
          </reporter-output>
        </test-method> <!-- tearDown -->
      </class> <!-- testCases.LoginTest -->
    </test> <!-- Test(failed) -->
  </suite> <!-- Failed suite [Suite] -->
</testng-results>
